{"C:\\Users\\User\\Desktop\\webdev-aueb-course\\node\\products\\index.js": {"path":"C:\\Users\\User\\Desktop\\webdev-aueb-course\\node\\products\\index.js","statementMap":{"0":{"start":{"line":1,"column":16},"end":{"line":1,"column":34}},"1":{"start":{"line":2,"column":12},"end":{"line":2,"column":21}},"2":{"start":{"line":3,"column":13},"end":{"line":3,"column":17}},"3":{"start":{"line":5,"column":17},"end":{"line":5,"column":36}},"4":{"start":{"line":7,"column":18},"end":{"line":7,"column":47}},"5":{"start":{"line":8,"column":24},"end":{"line":8,"column":44}},"6":{"start":{"line":9,"column":13},"end":{"line":9,"column":28}},"7":{"start":{"line":11,"column":0},"end":{"line":14,"column":4}},"8":{"start":{"line":16,"column":0},"end":{"line":16,"column":24}},"9":{"start":{"line":17,"column":0},"end":{"line":17,"column":46}},"10":{"start":{"line":19,"column":0},"end":{"line":19,"column":37}},"11":{"start":{"line":21,"column":0},"end":{"line":25,"column":6}},"12":{"start":{"line":23,"column":16},"end":{"line":23,"column":64}},"13":{"start":{"line":24,"column":17},"end":{"line":24,"column":60}},"14":{"start":{"line":27,"column":13},"end":{"line":27,"column":44}},"15":{"start":{"line":28,"column":20},"end":{"line":28,"column":60}},"16":{"start":{"line":29,"column":16},"end":{"line":29,"column":50}},"17":{"start":{"line":31,"column":0},"end":{"line":31,"column":28}},"18":{"start":{"line":32,"column":1},"end":{"line":32,"column":34}},"19":{"start":{"line":34,"column":1},"end":{"line":34,"column":44}},"20":{"start":{"line":37,"column":1},"end":{"line":37,"column":80}},"21":{"start":{"line":39,"column":1},"end":{"line":39,"column":22}}},"fnMap":{"0":{"name":"(anonymous_0)","decl":{"start":{"line":23,"column":8},"end":{"line":23,"column":9}},"loc":{"start":{"line":23,"column":14},"end":{"line":23,"column":65}},"line":23},"1":{"name":"(anonymous_1)","decl":{"start":{"line":24,"column":8},"end":{"line":24,"column":9}},"loc":{"start":{"line":24,"column":15},"end":{"line":24,"column":61}},"line":24}},"branchMap":{},"s":{"0":1,"1":1,"2":1,"3":1,"4":1,"5":1,"6":1,"7":1,"8":1,"9":1,"10":1,"11":1,"12":1,"13":0,"14":1,"15":1,"16":1,"17":1,"18":1,"19":1,"20":1,"21":1},"f":{"0":1,"1":0},"b":{},"_coverageSchema":"1a1c01bbd47fc00a2c39e90264f33305004495a9","hash":"bc0215303c7c2e6130b789a9eb90f7f70f5d6087"}
,"C:\\Users\\User\\Desktop\\webdev-aueb-course\\node\\products\\swagger.js": {"path":"C:\\Users\\User\\Desktop\\webdev-aueb-course\\node\\products\\swagger.js","statementMap":{"0":{"start":{"line":1,"column":12},"end":{"line":1,"column":42}},"1":{"start":{"line":2,"column":13},"end":{"line":2,"column":43}},"2":{"start":{"line":4,"column":0},"end":{"line":317,"column":1}}},"fnMap":{},"branchMap":{},"s":{"0":1,"1":1,"2":1},"f":{},"b":{},"_coverageSchema":"1a1c01bbd47fc00a2c39e90264f33305004495a9","hash":"53cc18d199031db3ac3da36bc8f2285aa2d91b2e"}
,"C:\\Users\\User\\Desktop\\webdev-aueb-course\\node\\products\\controllers\\product.controller.js": {"path":"C:\\Users\\User\\Desktop\\webdev-aueb-course\\node\\products\\controllers\\product.controller.js","statementMap":{"0":{"start":{"line":1,"column":16},"end":{"line":1,"column":50}},"1":{"start":{"line":3,"column":0},"end":{"line":12,"column":1}},"2":{"start":{"line":4,"column":4},"end":{"line":4,"column":37}},"3":{"start":{"line":6,"column":4},"end":{"line":11,"column":5}},"4":{"start":{"line":7,"column":23},"end":{"line":7,"column":43}},"5":{"start":{"line":8,"column":8},"end":{"line":8,"column":48}},"6":{"start":{"line":10,"column":8},"end":{"line":10,"column":45}},"7":{"start":{"line":13,"column":0},"end":{"line":24,"column":2}},"8":{"start":{"line":14,"column":23},"end":{"line":14,"column":36}},"9":{"start":{"line":15,"column":4},"end":{"line":15,"column":62}},"10":{"start":{"line":17,"column":4},"end":{"line":23,"column":5}},"11":{"start":{"line":18,"column":23},"end":{"line":18,"column":57}},"12":{"start":{"line":20,"column":8},"end":{"line":20,"column":49}},"13":{"start":{"line":22,"column":8},"end":{"line":22,"column":47}},"14":{"start":{"line":27,"column":0},"end":{"line":46,"column":1}},"15":{"start":{"line":28,"column":23},"end":{"line":33,"column":10}},"16":{"start":{"line":35,"column":4},"end":{"line":35,"column":72}},"17":{"start":{"line":37,"column":4},"end":{"line":45,"column":5}},"18":{"start":{"line":39,"column":23},"end":{"line":39,"column":46}},"19":{"start":{"line":40,"column":8},"end":{"line":40,"column":47}},"20":{"start":{"line":43,"column":8},"end":{"line":43,"column":43}},"21":{"start":{"line":50,"column":0},"end":{"line":75,"column":1}},"22":{"start":{"line":51,"column":23},"end":{"line":51,"column":36}},"23":{"start":{"line":52,"column":4},"end":{"line":52,"column":65}},"24":{"start":{"line":54,"column":26},"end":{"line":58,"column":5}},"25":{"start":{"line":60,"column":4},"end":{"line":74,"column":5}},"26":{"start":{"line":62,"column":23},"end":{"line":66,"column":9}},"27":{"start":{"line":68,"column":8},"end":{"line":68,"column":47}},"28":{"start":{"line":72,"column":8},"end":{"line":72,"column":43}},"29":{"start":{"line":77,"column":0},"end":{"line":92,"column":1}},"30":{"start":{"line":78,"column":23},"end":{"line":78,"column":36}},"31":{"start":{"line":80,"column":4},"end":{"line":80,"column":64}},"32":{"start":{"line":82,"column":4},"end":{"line":90,"column":5}},"33":{"start":{"line":84,"column":23},"end":{"line":84,"column":67}},"34":{"start":{"line":85,"column":8},"end":{"line":85,"column":45}},"35":{"start":{"line":89,"column":5},"end":{"line":89,"column":41}}},"fnMap":{"0":{"name":"(anonymous_0)","decl":{"start":{"line":3,"column":18},"end":{"line":3,"column":19}},"loc":{"start":{"line":3,"column":37},"end":{"line":12,"column":1}},"line":3},"1":{"name":"(anonymous_1)","decl":{"start":{"line":13,"column":18},"end":{"line":13,"column":19}},"loc":{"start":{"line":13,"column":38},"end":{"line":24,"column":1}},"line":13},"2":{"name":"(anonymous_2)","decl":{"start":{"line":27,"column":17},"end":{"line":27,"column":18}},"loc":{"start":{"line":27,"column":35},"end":{"line":46,"column":1}},"line":27},"3":{"name":"(anonymous_3)","decl":{"start":{"line":50,"column":17},"end":{"line":50,"column":18}},"loc":{"start":{"line":50,"column":35},"end":{"line":75,"column":1}},"line":50},"4":{"name":"(anonymous_4)","decl":{"start":{"line":77,"column":17},"end":{"line":77,"column":18}},"loc":{"start":{"line":77,"column":35},"end":{"line":92,"column":1}},"line":77}},"branchMap":{},"s":{"0":1,"1":1,"2":0,"3":0,"4":0,"5":0,"6":0,"7":1,"8":0,"9":0,"10":0,"11":0,"12":0,"13":0,"14":1,"15":0,"16":0,"17":0,"18":0,"19":0,"20":0,"21":1,"22":0,"23":0,"24":0,"25":0,"26":0,"27":0,"28":0,"29":1,"30":0,"31":0,"32":0,"33":0,"34":0,"35":0},"f":{"0":0,"1":0,"2":0,"3":0,"4":0},"b":{},"_coverageSchema":"1a1c01bbd47fc00a2c39e90264f33305004495a9","hash":"f636b8df1a7dba5f7973c5ce250068cc5df4516f"}
,"C:\\Users\\User\\Desktop\\webdev-aueb-course\\node\\products\\controllers\\user.controller.js": {"path":"C:\\Users\\User\\Desktop\\webdev-aueb-course\\node\\products\\controllers\\user.controller.js","statementMap":{"0":{"start":{"line":1,"column":13},"end":{"line":1,"column":44}},"1":{"start":{"line":4,"column":0},"end":{"line":15,"column":1}},"2":{"start":{"line":5,"column":4},"end":{"line":5,"column":34}},"3":{"start":{"line":7,"column":4},"end":{"line":14,"column":5}},"4":{"start":{"line":8,"column":23},"end":{"line":8,"column":40}},"5":{"start":{"line":11,"column":8},"end":{"line":11,"column":48}},"6":{"start":{"line":13,"column":8},"end":{"line":13,"column":45}},"7":{"start":{"line":17,"column":0},"end":{"line":27,"column":1}},"8":{"start":{"line":18,"column":21},"end":{"line":18,"column":40}},"9":{"start":{"line":19,"column":4},"end":{"line":19,"column":54}},"10":{"start":{"line":21,"column":4},"end":{"line":26,"column":5}},"11":{"start":{"line":22,"column":23},"end":{"line":22,"column":63}},"12":{"start":{"line":23,"column":8},"end":{"line":23,"column":46}},"13":{"start":{"line":25,"column":8},"end":{"line":25,"column":45}},"14":{"start":{"line":29,"column":0},"end":{"line":53,"column":1}},"15":{"start":{"line":30,"column":20},"end":{"line":40,"column":6}},"16":{"start":{"line":42,"column":4},"end":{"line":42,"column":66}},"17":{"start":{"line":44,"column":4},"end":{"line":52,"column":5}},"18":{"start":{"line":46,"column":23},"end":{"line":46,"column":43}},"19":{"start":{"line":47,"column":8},"end":{"line":47,"column":47}},"20":{"start":{"line":50,"column":8},"end":{"line":50,"column":43}},"21":{"start":{"line":55,"column":0},"end":{"line":84,"column":1}},"22":{"start":{"line":56,"column":21},"end":{"line":56,"column":40}},"23":{"start":{"line":57,"column":4},"end":{"line":57,"column":57}},"24":{"start":{"line":59,"column":23},"end":{"line":67,"column":5}},"25":{"start":{"line":69,"column":4},"end":{"line":83,"column":5}},"26":{"start":{"line":71,"column":23},"end":{"line":75,"column":9}},"27":{"start":{"line":77,"column":8},"end":{"line":77,"column":47}},"28":{"start":{"line":81,"column":8},"end":{"line":81,"column":43}},"29":{"start":{"line":87,"column":0},"end":{"line":102,"column":1}},"30":{"start":{"line":88,"column":21},"end":{"line":88,"column":40}},"31":{"start":{"line":90,"column":4},"end":{"line":90,"column":57}},"32":{"start":{"line":92,"column":4},"end":{"line":100,"column":5}},"33":{"start":{"line":94,"column":23},"end":{"line":94,"column":72}},"34":{"start":{"line":95,"column":8},"end":{"line":95,"column":45}},"35":{"start":{"line":99,"column":5},"end":{"line":99,"column":41}}},"fnMap":{"0":{"name":"(anonymous_0)","decl":{"start":{"line":4,"column":18},"end":{"line":4,"column":19}},"loc":{"start":{"line":4,"column":37},"end":{"line":15,"column":1}},"line":4},"1":{"name":"(anonymous_1)","decl":{"start":{"line":17,"column":18},"end":{"line":17,"column":19}},"loc":{"start":{"line":17,"column":37},"end":{"line":27,"column":1}},"line":17},"2":{"name":"(anonymous_2)","decl":{"start":{"line":29,"column":17},"end":{"line":29,"column":18}},"loc":{"start":{"line":29,"column":35},"end":{"line":53,"column":1}},"line":29},"3":{"name":"(anonymous_3)","decl":{"start":{"line":55,"column":17},"end":{"line":55,"column":18}},"loc":{"start":{"line":55,"column":35},"end":{"line":84,"column":1}},"line":55},"4":{"name":"(anonymous_4)","decl":{"start":{"line":87,"column":17},"end":{"line":87,"column":18}},"loc":{"start":{"line":87,"column":35},"end":{"line":102,"column":1}},"line":87}},"branchMap":{},"s":{"0":1,"1":1,"2":1,"3":1,"4":1,"5":1,"6":0,"7":1,"8":1,"9":1,"10":1,"11":1,"12":1,"13":0,"14":1,"15":2,"16":2,"17":2,"18":2,"19":1,"20":1,"21":1,"22":1,"23":1,"24":1,"25":1,"26":1,"27":1,"28":0,"29":1,"30":1,"31":1,"32":1,"33":1,"34":1,"35":0},"f":{"0":1,"1":1,"2":2,"3":1,"4":1},"b":{},"_coverageSchema":"1a1c01bbd47fc00a2c39e90264f33305004495a9","hash":"3789f4618dd4d3840251134ba5d44102c24604ea"}
,"C:\\Users\\User\\Desktop\\webdev-aueb-course\\node\\products\\controllers\\user.product.controller.js": {"path":"C:\\Users\\User\\Desktop\\webdev-aueb-course\\node\\products\\controllers\\user.product.controller.js","statementMap":{"0":{"start":{"line":1,"column":13},"end":{"line":1,"column":44}},"1":{"start":{"line":3,"column":0},"end":{"line":12,"column":1}},"2":{"start":{"line":4,"column":4},"end":{"line":4,"column":43}},"3":{"start":{"line":6,"column":4},"end":{"line":11,"column":5}},"4":{"start":{"line":7,"column":23},"end":{"line":7,"column":75}},"5":{"start":{"line":8,"column":8},"end":{"line":8,"column":47}},"6":{"start":{"line":10,"column":8},"end":{"line":10,"column":44}},"7":{"start":{"line":14,"column":0},"end":{"line":24,"column":1}},"8":{"start":{"line":15,"column":21},"end":{"line":15,"column":40}},"9":{"start":{"line":16,"column":4},"end":{"line":16,"column":52}},"10":{"start":{"line":18,"column":4},"end":{"line":23,"column":5}},"11":{"start":{"line":19,"column":23},"end":{"line":19,"column":96}},"12":{"start":{"line":20,"column":8},"end":{"line":20,"column":47}},"13":{"start":{"line":22,"column":8},"end":{"line":22,"column":45}},"14":{"start":{"line":26,"column":0},"end":{"line":45,"column":1}},"15":{"start":{"line":27,"column":21},"end":{"line":27,"column":40}},"16":{"start":{"line":28,"column":21},"end":{"line":28,"column":38}},"17":{"start":{"line":30,"column":4},"end":{"line":30,"column":53}},"18":{"start":{"line":32,"column":4},"end":{"line":44,"column":5}},"19":{"start":{"line":33,"column":23},"end":{"line":40,"column":9}},"20":{"start":{"line":41,"column":8},"end":{"line":41,"column":46}},"21":{"start":{"line":43,"column":8},"end":{"line":43,"column":45}},"22":{"start":{"line":47,"column":0},"end":{"line":68,"column":1}},"23":{"start":{"line":48,"column":21},"end":{"line":48,"column":40}},"24":{"start":{"line":49,"column":23},"end":{"line":49,"column":36}},"25":{"start":{"line":50,"column":29},"end":{"line":50,"column":54}},"26":{"start":{"line":52,"column":4},"end":{"line":52,"column":62}},"27":{"start":{"line":54,"column":4},"end":{"line":67,"column":5}},"28":{"start":{"line":55,"column":23},"end":{"line":62,"column":9}},"29":{"start":{"line":64,"column":8},"end":{"line":64,"column":46}},"30":{"start":{"line":66,"column":8},"end":{"line":66,"column":45}},"31":{"start":{"line":70,"column":0},"end":{"line":89,"column":1}},"32":{"start":{"line":71,"column":21},"end":{"line":71,"column":40}},"33":{"start":{"line":72,"column":23},"end":{"line":72,"column":36}},"34":{"start":{"line":74,"column":4},"end":{"line":74,"column":54}},"35":{"start":{"line":76,"column":4},"end":{"line":88,"column":5}},"36":{"start":{"line":77,"column":23},"end":{"line":84,"column":9}},"37":{"start":{"line":85,"column":8},"end":{"line":85,"column":46}},"38":{"start":{"line":87,"column":8},"end":{"line":87,"column":45}},"39":{"start":{"line":91,"column":0},"end":{"line":137,"column":1}},"40":{"start":{"line":92,"column":4},"end":{"line":92,"column":58}},"41":{"start":{"line":94,"column":4},"end":{"line":136,"column":5}},"42":{"start":{"line":97,"column":23},"end":{"line":130,"column":10}},"43":{"start":{"line":131,"column":8},"end":{"line":131,"column":46}},"44":{"start":{"line":135,"column":8},"end":{"line":135,"column":45}},"45":{"start":{"line":139,"column":0},"end":{"line":194,"column":1}},"46":{"start":{"line":141,"column":21},"end":{"line":141,"column":40}},"47":{"start":{"line":143,"column":4},"end":{"line":143,"column":26}},"48":{"start":{"line":146,"column":4},"end":{"line":193,"column":5}},"49":{"start":{"line":149,"column":23},"end":{"line":186,"column":10}},"50":{"start":{"line":188,"column":8},"end":{"line":188,"column":45}},"51":{"start":{"line":192,"column":8},"end":{"line":192,"column":43}}},"fnMap":{"0":{"name":"(anonymous_0)","decl":{"start":{"line":3,"column":28},"end":{"line":3,"column":29}},"loc":{"start":{"line":3,"column":47},"end":{"line":12,"column":1}},"line":3},"1":{"name":"(anonymous_1)","decl":{"start":{"line":14,"column":27},"end":{"line":14,"column":28}},"loc":{"start":{"line":14,"column":46},"end":{"line":24,"column":1}},"line":14},"2":{"name":"(anonymous_2)","decl":{"start":{"line":26,"column":28},"end":{"line":26,"column":29}},"loc":{"start":{"line":26,"column":47},"end":{"line":45,"column":1}},"line":26},"3":{"name":"(anonymous_3)","decl":{"start":{"line":47,"column":28},"end":{"line":47,"column":29}},"loc":{"start":{"line":47,"column":48},"end":{"line":68,"column":1}},"line":47},"4":{"name":"(anonymous_4)","decl":{"start":{"line":70,"column":28},"end":{"line":70,"column":29}},"loc":{"start":{"line":70,"column":47},"end":{"line":89,"column":1}},"line":70},"5":{"name":"(anonymous_5)","decl":{"start":{"line":91,"column":17},"end":{"line":91,"column":18}},"loc":{"start":{"line":91,"column":35},"end":{"line":137,"column":1}},"line":91},"6":{"name":"(anonymous_6)","decl":{"start":{"line":139,"column":17},"end":{"line":139,"column":18}},"loc":{"start":{"line":139,"column":35},"end":{"line":194,"column":1}},"line":139}},"branchMap":{},"s":{"0":1,"1":1,"2":0,"3":0,"4":0,"5":0,"6":0,"7":1,"8":0,"9":0,"10":0,"11":0,"12":0,"13":0,"14":1,"15":0,"16":0,"17":0,"18":0,"19":0,"20":0,"21":0,"22":1,"23":0,"24":0,"25":0,"26":0,"27":0,"28":0,"29":0,"30":0,"31":1,"32":0,"33":0,"34":0,"35":0,"36":0,"37":0,"38":0,"39":1,"40":0,"41":0,"42":0,"43":0,"44":0,"45":1,"46":0,"47":0,"48":0,"49":0,"50":0,"51":0},"f":{"0":0,"1":0,"2":0,"3":0,"4":0,"5":0,"6":0},"b":{},"_coverageSchema":"1a1c01bbd47fc00a2c39e90264f33305004495a9","hash":"a153136810cdf3400bca032359c5e4b818cb0273"}
,"C:\\Users\\User\\Desktop\\webdev-aueb-course\\node\\products\\models\\product.model.js": {"path":"C:\\Users\\User\\Desktop\\webdev-aueb-course\\node\\products\\models\\product.model.js","statementMap":{"0":{"start":{"line":1,"column":17},"end":{"line":1,"column":36}},"1":{"start":{"line":3,"column":15},"end":{"line":3,"column":30}},"2":{"start":{"line":7,"column":20},"end":{"line":30,"column":2}},"3":{"start":{"line":32,"column":0},"end":{"line":32,"column":57}}},"fnMap":{},"branchMap":{},"s":{"0":1,"1":1,"2":1,"3":1},"f":{},"b":{},"_coverageSchema":"1a1c01bbd47fc00a2c39e90264f33305004495a9","hash":"74fea7b7dfa36a9dc3ef377e8a8046e7221b6d24"}
,"C:\\Users\\User\\Desktop\\webdev-aueb-course\\node\\products\\models\\user.model.js": {"path":"C:\\Users\\User\\Desktop\\webdev-aueb-course\\node\\products\\models\\user.model.js","statementMap":{"0":{"start":{"line":1,"column":17},"end":{"line":1,"column":36}},"1":{"start":{"line":2,"column":24},"end":{"line":2,"column":60}},"2":{"start":{"line":4,"column":15},"end":{"line":4,"column":30}},"3":{"start":{"line":6,"column":19},"end":{"line":9,"column":17}},"4":{"start":{"line":11,"column":18},"end":{"line":14,"column":16}},"5":{"start":{"line":16,"column":20},"end":{"line":21,"column":2}},"6":{"start":{"line":23,"column":17},"end":{"line":66,"column":2}},"7":{"start":{"line":69,"column":0},"end":{"line":69,"column":35}},"8":{"start":{"line":70,"column":0},"end":{"line":70,"column":51}}},"fnMap":{},"branchMap":{},"s":{"0":1,"1":1,"2":1,"3":1,"4":1,"5":1,"6":1,"7":1,"8":1},"f":{},"b":{},"_coverageSchema":"1a1c01bbd47fc00a2c39e90264f33305004495a9","hash":"9051f8e87dadec0719574877f8181507e0e5792c"}
,"C:\\Users\\User\\Desktop\\webdev-aueb-course\\node\\products\\routes\\product.routes.js": {"path":"C:\\Users\\User\\Desktop\\webdev-aueb-course\\node\\products\\routes\\product.routes.js","statementMap":{"0":{"start":{"line":1,"column":16},"end":{"line":1,"column":34}},"1":{"start":{"line":2,"column":15},"end":{"line":2,"column":31}},"2":{"start":{"line":4,"column":26},"end":{"line":4,"column":70}},"3":{"start":{"line":6,"column":0},"end":{"line":6,"column":43}},"4":{"start":{"line":7,"column":0},"end":{"line":7,"column":46}},"5":{"start":{"line":8,"column":0},"end":{"line":8,"column":42}},"6":{"start":{"line":9,"column":0},"end":{"line":9,"column":47}},"7":{"start":{"line":10,"column":0},"end":{"line":10,"column":48}},"8":{"start":{"line":12,"column":0},"end":{"line":12,"column":24}}},"fnMap":{},"branchMap":{},"s":{"0":1,"1":1,"2":1,"3":1,"4":1,"5":1,"6":1,"7":1,"8":1},"f":{},"b":{},"_coverageSchema":"1a1c01bbd47fc00a2c39e90264f33305004495a9","hash":"c7ecc527141eebfb276130d3b3add944f55c6e74"}
,"C:\\Users\\User\\Desktop\\webdev-aueb-course\\node\\products\\routes\\user.product.routes.js": {"path":"C:\\Users\\User\\Desktop\\webdev-aueb-course\\node\\products\\routes\\user.product.routes.js","statementMap":{"0":{"start":{"line":1,"column":16},"end":{"line":1,"column":34}},"1":{"start":{"line":2,"column":15},"end":{"line":2,"column":31}},"2":{"start":{"line":4,"column":30},"end":{"line":4,"column":79}},"3":{"start":{"line":6,"column":0},"end":{"line":6,"column":71}},"4":{"start":{"line":7,"column":0},"end":{"line":7,"column":74}},"5":{"start":{"line":8,"column":0},"end":{"line":8,"column":76}},"6":{"start":{"line":9,"column":0},"end":{"line":9,"column":81}},"7":{"start":{"line":10,"column":0},"end":{"line":10,"column":82}},"8":{"start":{"line":12,"column":0},"end":{"line":12,"column":52}},"9":{"start":{"line":13,"column":0},"end":{"line":13,"column":62}},"10":{"start":{"line":15,"column":0},"end":{"line":15,"column":24}}},"fnMap":{},"branchMap":{},"s":{"0":1,"1":1,"2":1,"3":1,"4":1,"5":1,"6":1,"7":1,"8":1,"9":1,"10":1},"f":{},"b":{},"_coverageSchema":"1a1c01bbd47fc00a2c39e90264f33305004495a9","hash":"73d9ed6fb98b6d78fe5fc52fcdad8955f0220263"}
,"C:\\Users\\User\\Desktop\\webdev-aueb-course\\node\\products\\routes\\user.routes.js": {"path":"C:\\Users\\User\\Desktop\\webdev-aueb-course\\node\\products\\routes\\user.routes.js","statementMap":{"0":{"start":{"line":1,"column":16},"end":{"line":1,"column":34}},"1":{"start":{"line":2,"column":15},"end":{"line":2,"column":31}},"2":{"start":{"line":4,"column":23},"end":{"line":4,"column":64}},"3":{"start":{"line":6,"column":0},"end":{"line":6,"column":40}},"4":{"start":{"line":7,"column":0},"end":{"line":7,"column":49}},"5":{"start":{"line":8,"column":0},"end":{"line":8,"column":39}},"6":{"start":{"line":9,"column":0},"end":{"line":9,"column":50}},"7":{"start":{"line":10,"column":0},"end":{"line":10,"column":51}},"8":{"start":{"line":13,"column":0},"end":{"line":13,"column":24}}},"fnMap":{},"branchMap":{},"s":{"0":1,"1":1,"2":1,"3":1,"4":1,"5":1,"6":1,"7":1,"8":1},"f":{},"b":{},"_coverageSchema":"1a1c01bbd47fc00a2c39e90264f33305004495a9","hash":"543377b2a9200418f2f5008becf01772fc1e84d1"}
,"C:\\Users\\User\\Desktop\\webdev-aueb-course\\node\\products\\services\\user.service.js": {"path":"C:\\Users\\User\\Desktop\\webdev-aueb-course\\node\\products\\services\\user.service.js","statementMap":{"0":{"start":{"line":1,"column":13},"end":{"line":1,"column":44}},"1":{"start":{"line":4,"column":4},"end":{"line":4,"column":43}},"2":{"start":{"line":6,"column":4},"end":{"line":11,"column":5}},"3":{"start":{"line":7,"column":23},"end":{"line":7,"column":66}},"4":{"start":{"line":8,"column":8},"end":{"line":8,"column":24}},"5":{"start":{"line":10,"column":8},"end":{"line":10,"column":61}},"6":{"start":{"line":14,"column":0},"end":{"line":14,"column":41}}},"fnMap":{"0":{"name":"findLastInsertedUser","decl":{"start":{"line":3,"column":15},"end":{"line":3,"column":35}},"loc":{"start":{"line":3,"column":37},"end":{"line":12,"column":1}},"line":3}},"branchMap":{},"s":{"0":1,"1":4,"2":4,"3":4,"4":4,"5":0,"6":1},"f":{"0":4},"b":{},"_coverageSchema":"1a1c01bbd47fc00a2c39e90264f33305004495a9","hash":"fae8a1d98f3a29999fab2fe19d6c7418daaa8bbf"}
}
